10:55:13.612 [AWT-EventQueue-0] INFO  c.b.l.BrowserStackRunExtension - gradle
10:55:13.612 [AWT-EventQueue-0] INFO  com.browserstack.utils.Helpers - null
10:56:15.785 [AWT-EventQueue-0] INFO  c.b.l.BrowserStackRunExtension - gradle
10:56:15.786 [AWT-EventQueue-0] INFO  com.browserstack.utils.Helpers - null
11:09:33.036 [AWT-EventQueue-0] INFO  c.b.l.BrowserStackRunExtension - gradle
11:09:33.037 [AWT-EventQueue-0] INFO  com.browserstack.utils.Helpers - null
11:12:45.986 [AWT-EventQueue-0] INFO  c.b.l.BrowserStackRunExtension - gradle
11:12:45.988 [AWT-EventQueue-0] INFO  com.browserstack.utils.Helpers - null
11:22:34.637 [ApplicationImpl pooled thread 453] INFO  c.b.l.BrowserStackRunExtension - testng
11:22:34.638 [ApplicationImpl pooled thread 453] INFO  com.browserstack.utils.Helpers - null
11:22:34.644 [ApplicationImpl pooled thread 453] INFO  com.browserstack.utils.Helpers - /Users/testvagrant_1/.gradle/caches/modules-2/files-2.1/com.browserstack/browserstack-java-sdk/1.10.5/d9e8df95b568a5f1f106073dbb4366e62ec750dd/browserstack-java-sdk-1.10.5.jar
11:22:34.644 [ApplicationImpl pooled thread 453] INFO  c.b.l.BrowserStackRunExtension - Agent path: /Users/testvagrant_1/.gradle/caches/modules-2/files-2.1/com.browserstack/browserstack-java-sdk/1.10.5/d9e8df95b568a5f1f106073dbb4366e62ec750dd/browserstack-java-sdk-1.10.5.jar
11:22:34.644 [ApplicationImpl pooled thread 453] INFO  c.b.l.BrowserStackRunExtension - Plugin version: v1.1.2
11:30:01.974 [ApplicationImpl pooled thread 464] INFO  c.b.l.BrowserStackRunExtension - testng
11:30:01.975 [ApplicationImpl pooled thread 464] INFO  com.browserstack.utils.Helpers - null
11:30:01.977 [ApplicationImpl pooled thread 464] INFO  com.browserstack.utils.Helpers - /Users/testvagrant_1/.gradle/caches/modules-2/files-2.1/com.browserstack/browserstack-java-sdk/1.10.5/d9e8df95b568a5f1f106073dbb4366e62ec750dd/browserstack-java-sdk-1.10.5.jar
11:30:01.977 [ApplicationImpl pooled thread 464] INFO  c.b.l.BrowserStackRunExtension - Agent path: /Users/testvagrant_1/.gradle/caches/modules-2/files-2.1/com.browserstack/browserstack-java-sdk/1.10.5/d9e8df95b568a5f1f106073dbb4366e62ec750dd/browserstack-java-sdk-1.10.5.jar
11:30:01.977 [ApplicationImpl pooled thread 464] INFO  c.b.l.BrowserStackRunExtension - Plugin version: v1.1.2
11:41:33.597 [AWT-EventQueue-0] INFO  c.b.l.BrowserStackRunExtension - gradle
11:41:33.598 [AWT-EventQueue-0] INFO  com.browserstack.utils.Helpers - null
11:43:18.966 [ApplicationImpl pooled thread 479] INFO  c.b.l.BrowserStackRunExtension - testng
11:43:18.967 [ApplicationImpl pooled thread 479] INFO  com.browserstack.utils.Helpers - null
11:43:18.968 [ApplicationImpl pooled thread 479] INFO  com.browserstack.utils.Helpers - /Users/testvagrant_1/.gradle/caches/modules-2/files-2.1/com.browserstack/browserstack-java-sdk/1.10.5/d9e8df95b568a5f1f106073dbb4366e62ec750dd/browserstack-java-sdk-1.10.5.jar
11:43:18.968 [ApplicationImpl pooled thread 479] INFO  c.b.l.BrowserStackRunExtension - Agent path: /Users/testvagrant_1/.gradle/caches/modules-2/files-2.1/com.browserstack/browserstack-java-sdk/1.10.5/d9e8df95b568a5f1f106073dbb4366e62ec750dd/browserstack-java-sdk-1.10.5.jar
11:43:18.968 [ApplicationImpl pooled thread 479] INFO  c.b.l.BrowserStackRunExtension - Plugin version: v1.1.2
11:44:22.645 [AWT-EventQueue-0] INFO  c.b.l.BrowserStackRunExtension - gradle
11:44:22.646 [AWT-EventQueue-0] INFO  com.browserstack.utils.Helpers - null
11:45:56.106 [AWT-EventQueue-0] INFO  c.b.l.BrowserStackRunExtension - gradle
11:45:56.107 [AWT-EventQueue-0] INFO  com.browserstack.utils.Helpers - null
11:48:17.398 [ApplicationImpl pooled thread 479] INFO  c.b.l.BrowserStackRunExtension - testng
11:48:17.399 [ApplicationImpl pooled thread 479] INFO  com.browserstack.utils.Helpers - null
11:48:17.400 [ApplicationImpl pooled thread 479] INFO  com.browserstack.utils.Helpers - /Users/testvagrant_1/.gradle/caches/modules-2/files-2.1/com.browserstack/browserstack-java-sdk/1.10.5/d9e8df95b568a5f1f106073dbb4366e62ec750dd/browserstack-java-sdk-1.10.5.jar
11:48:17.400 [ApplicationImpl pooled thread 479] INFO  c.b.l.BrowserStackRunExtension - Agent path: /Users/testvagrant_1/.gradle/caches/modules-2/files-2.1/com.browserstack/browserstack-java-sdk/1.10.5/d9e8df95b568a5f1f106073dbb4366e62ec750dd/browserstack-java-sdk-1.10.5.jar
11:48:17.400 [ApplicationImpl pooled thread 479] INFO  c.b.l.BrowserStackRunExtension - Plugin version: v1.1.2
11:50:36.280 [ApplicationImpl pooled thread 478] INFO  c.b.l.BrowserStackRunExtension - testng
11:50:36.280 [ApplicationImpl pooled thread 478] INFO  com.browserstack.utils.Helpers - null
11:50:36.283 [ApplicationImpl pooled thread 478] INFO  com.browserstack.utils.Helpers - /Users/testvagrant_1/.gradle/caches/modules-2/files-2.1/com.browserstack/browserstack-java-sdk/1.10.5/d9e8df95b568a5f1f106073dbb4366e62ec750dd/browserstack-java-sdk-1.10.5.jar
11:50:36.283 [ApplicationImpl pooled thread 478] INFO  c.b.l.BrowserStackRunExtension - Agent path: /Users/testvagrant_1/.gradle/caches/modules-2/files-2.1/com.browserstack/browserstack-java-sdk/1.10.5/d9e8df95b568a5f1f106073dbb4366e62ec750dd/browserstack-java-sdk-1.10.5.jar
11:50:36.283 [ApplicationImpl pooled thread 478] INFO  c.b.l.BrowserStackRunExtension - Plugin version: v1.1.2
11:53:07.136 [AWT-EventQueue-0] INFO  c.b.l.BrowserStackRunExtension - gradle
11:53:07.137 [AWT-EventQueue-0] INFO  com.browserstack.utils.Helpers - null
12:05:02.806 [ApplicationImpl pooled thread 504] INFO  c.b.l.BrowserStackRunExtension - testng
12:05:02.807 [ApplicationImpl pooled thread 504] INFO  com.browserstack.utils.Helpers - null
12:05:02.808 [ApplicationImpl pooled thread 504] INFO  com.browserstack.utils.Helpers - /Users/testvagrant_1/.gradle/caches/modules-2/files-2.1/com.browserstack/browserstack-java-sdk/1.10.5/d9e8df95b568a5f1f106073dbb4366e62ec750dd/browserstack-java-sdk-1.10.5.jar
12:05:02.808 [ApplicationImpl pooled thread 504] INFO  c.b.l.BrowserStackRunExtension - Agent path: /Users/testvagrant_1/.gradle/caches/modules-2/files-2.1/com.browserstack/browserstack-java-sdk/1.10.5/d9e8df95b568a5f1f106073dbb4366e62ec750dd/browserstack-java-sdk-1.10.5.jar
12:05:02.809 [ApplicationImpl pooled thread 504] INFO  c.b.l.BrowserStackRunExtension - Plugin version: v1.1.2
12:12:36.157 [ApplicationImpl pooled thread 513] INFO  c.b.l.BrowserStackRunExtension - testng
12:12:36.158 [ApplicationImpl pooled thread 513] INFO  com.browserstack.utils.Helpers - null
12:12:36.160 [ApplicationImpl pooled thread 513] INFO  com.browserstack.utils.Helpers - /Users/testvagrant_1/.gradle/caches/modules-2/files-2.1/com.browserstack/browserstack-java-sdk/1.10.5/d9e8df95b568a5f1f106073dbb4366e62ec750dd/browserstack-java-sdk-1.10.5.jar
12:12:36.160 [ApplicationImpl pooled thread 513] INFO  c.b.l.BrowserStackRunExtension - Agent path: /Users/testvagrant_1/.gradle/caches/modules-2/files-2.1/com.browserstack/browserstack-java-sdk/1.10.5/d9e8df95b568a5f1f106073dbb4366e62ec750dd/browserstack-java-sdk-1.10.5.jar
12:12:36.160 [ApplicationImpl pooled thread 513] INFO  c.b.l.BrowserStackRunExtension - Plugin version: v1.1.2
